

*******************************************************************************
Sun Oct 16 18:13:24 2016


FIT:    data read from "tiempos_ordenacion.dat"
        format = z
        #datapoints = 60
        residuals are weighted equally (unit weight)

function used for fitting: f(x)
fitted parameters initialized with current variable values



 Iteration 0
 WSSR        : 1.77296e+10       delta(WSSR)/WSSR   : 0
 delta(WSSR) : 0                 limit for stopping : 1e-05
 lambda	  : 12155.3

initial set of free parameter values

a               = 1
b               = 1

After 7 iterations the fit converged.
final sum of squares of residuals : 2.60981
rel. change during last iteration : -7.3159e-08

degrees of freedom    (FIT_NDF)                        : 58
rms of residuals      (FIT_STDFIT) = sqrt(WSSR/ndf)    : 0.212124
variance of residuals (reduced chisquare) = WSSR/ndf   : 0.0449967

Final set of parameters            Asymptotic Standard Error
=======================            ==========================

a               = 8.757e-05        +/- 3.163e-06    (3.612%)
b               = -0.441723        +/- 0.05437      (12.31%)


correlation matrix of the fit parameters:

               a      b      
a               1.000 
b              -0.864  1.000 


*******************************************************************************
Sun Oct 16 18:13:46 2016


FIT:    data read from "tiempos_ordenacion.dat"
        format = z
        #datapoints = 60
        residuals are weighted equally (unit weight)

function used for fitting: f(x)
fitted parameters initialized with current variable values



 Iteration 0
 WSSR        : 4.54281e+10       delta(WSSR)/WSSR   : 0
 delta(WSSR) : 0                 limit for stopping : 1e-05
 lambda	  : 2.29458e+08

initial set of free parameter values

a               = 8.757e-05
b               = -0.441723
c               = 1

After 12 iterations the fit converged.
final sum of squares of residuals : 0.00413526
rel. change during last iteration : -9.75657e-11

degrees of freedom    (FIT_NDF)                        : 57
rms of residuals      (FIT_STDFIT) = sqrt(WSSR/ndf)    : 0.00851754
variance of residuals (reduced chisquare) = WSSR/ndf   : 7.25484e-05

Final set of parameters            Asymptotic Standard Error
=======================            ==========================

a               = 3.10871e-09      +/- 1.64e-11     (0.5277%)
b               = -4.75858e-06     +/- 5.035e-07    (10.58%)
c               = 0.0107285        +/- 0.003235     (30.15%)


correlation matrix of the fit parameters:

               a      b      c      
a               1.000 
b              -0.968  1.000 
c               0.738 -0.861  1.000 


*******************************************************************************
Sun Oct 16 21:43:15 2016


FIT:    data read from "tiempos_ordenacion.dat"
        format = z
        #datapoints = 60
        residuals are weighted equally (unit weight)

function used for fitting: f(x)
fitted parameters initialized with current variable values



 Iteration 0
 WSSR        : 9.478e+18         delta(WSSR)/WSSR   : 0
 delta(WSSR) : 0                 limit for stopping : 1e-05
 lambda	  : 2.29458e+08

initial set of free parameter values

a               = 1
b               = 1
c               = 1

After 12 iterations the fit converged.
final sum of squares of residuals : 0.00413526
rel. change during last iteration : -9.75296e-11

degrees of freedom    (FIT_NDF)                        : 57
rms of residuals      (FIT_STDFIT) = sqrt(WSSR/ndf)    : 0.00851754
variance of residuals (reduced chisquare) = WSSR/ndf   : 7.25484e-05

Final set of parameters            Asymptotic Standard Error
=======================            ==========================

a               = 3.10871e-09      +/- 1.64e-11     (0.5277%)
b               = -4.75858e-06     +/- 5.035e-07    (10.58%)
c               = 0.0107285        +/- 0.003235     (30.15%)


correlation matrix of the fit parameters:

               a      b      c      
a               1.000 
b              -0.968  1.000 
c               0.738 -0.861  1.000 
